<?xml version="1.0" encoding="UTF-8"?>
<!-- Generated by org.testng.reporters.JUnitXMLReporter -->
<testsuite ignored="0" hostname="LTIN252453" failures="0" tests="3" name="Test" time="150.214" errors="0" timestamp="2024-03-14T22:57:25 IST">
  <testcase classname="be.cognizant.WorldClockTest" name="userInformation" time="7.158"/>
  <testcase classname="be.cognizant.WorldClockTest" name="clock" time="30.678"/>
  <testcase classname="be.cognizant.WorldClockTest" name="oneCognizant" time="38.761"/>
</testsuite> <!-- Test -->
